[debug] [2020-03-19T20:23:38.199Z] ----------------------------------------------------------------------
[debug] [2020-03-19T20:23:38.200Z] Command:       /usr/local/bin/node /usr/local/bin/firebase serve
[debug] [2020-03-19T20:23:38.201Z] CLI Version:   7.15.1
[debug] [2020-03-19T20:23:38.201Z] Platform:      darwin
[debug] [2020-03-19T20:23:38.201Z] Node Version:  v12.14.1
[debug] [2020-03-19T20:23:38.201Z] Time:          Thu Mar 19 2020 15:23:38 GMT-0500 (Central Daylight Time)
[debug] [2020-03-19T20:23:38.201Z] ----------------------------------------------------------------------
[debug] [2020-03-19T20:23:38.201Z] 
[debug] [2020-03-19T20:23:38.209Z] > command requires scopes: ["email","openid","https://www.googleapis.com/auth/cloudplatformprojects.readonly","https://www.googleapis.com/auth/firebase","https://www.googleapis.com/auth/cloud-platform"]
[debug] [2020-03-19T20:23:38.210Z] > authorizing via signed-in user
[debug] [2020-03-19T20:23:38.210Z] [iam] checking project rove-96d5a for permissions ["firebase.projects.get"]
[debug] [2020-03-19T20:23:38.211Z] >>> HTTP REQUEST POST https://cloudresourcemanager.googleapis.com/v1/projects/rove-96d5a:testIamPermissions  

[debug] [2020-03-19T20:23:38.454Z] <<< HTTP RESPONSE 200
[debug] [2020-03-19T20:23:38.456Z] >>> HTTP REQUEST GET https://firebase.googleapis.com/v1beta1/projects/rove-96d5a  
 
[debug] [2020-03-19T20:23:38.677Z] <<< HTTP RESPONSE 200
[info] 
[info] === Serving from '/Users/shanesweeney/Rove'...
[info] 
[debug] [2020-03-19T20:23:38.680Z] >>> HTTP REQUEST GET https://firebase.googleapis.com/v1beta1/projects/rove-96d5a/webApps/-/config  
 
[debug] [2020-03-19T20:23:39.161Z] <<< HTTP RESPONSE 200
[info] i  hosting: Serving hosting files from: public
[info] ✔  hosting: Local server: http://localhost:5000
